Building DAG of jobs...
Using shell: /Users/katekistler/.nextstrain/runtimes/conda/env/bin/bash
Provided cores: 8
Rules claiming more threads will be scaled down.
Job stats:
job                  count
-----------------  -------
align                    1
all                      1
ancestral                1
export                   1
export_w_outgroup        1
filter                   1
include_outgroup         1
parse                    1
prune_outgroup           1
refine                   1
translate                1
tree                     1
total                   12

Select jobs to execute...

[Mon Jun 10 12:45:25 2024]
rule include_outgroup:
    input: data/H10_ncbi_sequences.fasta
    output: results/H10/sequences_w_outgroup.fasta, config/H10/include_strains.txt
    jobid: 8
    reason: Missing output files: results/H10/sequences_w_outgroup.fasta
    wildcards: ha_type=H10
    resources: tmpdir=/var/folders/g_/6938g_6s199gxxswt2nf7w500000gn/T

[Mon Jun 10 12:45:26 2024]
Finished job 8.
1 of 12 steps (8%) done
Select jobs to execute...

[Mon Jun 10 12:45:26 2024]
Job 7: Parsing fasta into sequences and metadata
Reason: Missing output files: results/H10/sequences.fasta, results/H10/metadata.tsv; Input files updated by another job: results/H10/sequences_w_outgroup.fasta

[Mon Jun 10 12:45:28 2024]
Finished job 7.
2 of 12 steps (17%) done
Select jobs to execute...

[Mon Jun 10 12:45:28 2024]
Job 6: 
        Filtering to
          - 50 sequence(s) per year
          - excluding strains in config/dropped_strains_ha.txt
          - only HA sequences
          - excluding strains prior to 1950
        
Reason: Missing output files: results/H10/filtered.fasta; Input files updated by another job: results/H10/sequences.fasta, results/H10/metadata.tsv, config/H10/include_strains.txt

[Mon Jun 10 12:45:30 2024]
Finished job 6.
3 of 12 steps (25%) done
Select jobs to execute...

[Mon Jun 10 12:45:30 2024]
Job 5: 
        Aligning sequences to config/H10/reference_H10.gb
          - filling gaps with N
        
Reason: Missing output files: results/H10/aligned.fasta; Input files updated by another job: results/H10/filtered.fasta

[Mon Jun 10 12:46:11 2024]
Finished job 5.
4 of 12 steps (33%) done
Select jobs to execute...

[Mon Jun 10 12:46:11 2024]
Job 4: Building tree
Reason: Missing output files: results/H10/tree-raw.nwk; Input files updated by another job: results/H10/aligned.fasta

[Mon Jun 10 12:46:23 2024]
Finished job 4.
5 of 12 steps (42%) done
Select jobs to execute...

[Mon Jun 10 12:46:23 2024]
Job 3: 
        Refining tree
          - estimate timetree
          - use const coalescent timescale
          - estimate marginal node dates
        
Reason: Missing output files: results/H10/branch-lengths.json, results/H10/tree.nwk; Input files updated by another job: results/H10/aligned.fasta, results/H10/tree-raw.nwk, results/H10/metadata.tsv

[Mon Jun 10 12:49:54 2024]
Finished job 3.
6 of 12 steps (50%) done
Select jobs to execute...

[Mon Jun 10 12:49:54 2024]
Job 11: Exporting data files for for auspice
Reason: Missing output files: auspice/H10_w_outgroup.json; Input files updated by another job: results/H10/branch-lengths.json, results/H10/metadata.tsv, results/H10/tree.nwk

[Mon Jun 10 12:49:56 2024]
Finished job 11.
7 of 12 steps (58%) done
Select jobs to execute...

[Mon Jun 10 12:49:56 2024]
Job 2: Pruning outgroup from tree
Reason: Missing output files: results/H10/tree_pruned.nwk; Input files updated by another job: auspice/H10_w_outgroup.json, results/H10/tree.nwk

[Mon Jun 10 12:49:57 2024]
Finished job 2.
8 of 12 steps (67%) done
Select jobs to execute...

[Mon Jun 10 12:49:57 2024]
Job 12: Reconstructing ancestral sequences and mutations
Reason: Missing output files: results/H10/nt-muts.json; Input files updated by another job: results/H10/aligned.fasta, results/H10/tree_pruned.nwk

[Mon Jun 10 12:50:02 2024]
Finished job 12.
9 of 12 steps (75%) done
Select jobs to execute...

[Mon Jun 10 12:50:02 2024]
Job 13: Translating amino acid sequences
Reason: Missing output files: results/H10/aa-muts.json; Input files updated by another job: results/H10/nt-muts.json, results/H10/tree_pruned.nwk

[Mon Jun 10 12:50:03 2024]
Finished job 13.
10 of 12 steps (83%) done
Select jobs to execute...

[Mon Jun 10 12:50:03 2024]
Job 1: Exporting data files for auspice, for the pruned tree
Reason: Missing output files: auspice/H10.json; Input files updated by another job: results/H10/metadata.tsv, results/H10/branch-lengths.json, results/H10/nt-muts.json, results/H10/tree_pruned.nwk, results/H10/aa-muts.json

[Mon Jun 10 12:50:05 2024]
Finished job 1.
11 of 12 steps (92%) done
Select jobs to execute...

[Mon Jun 10 12:50:05 2024]
localrule all:
    input: auspice/H10.json
    jobid: 0
    reason: Input files updated by another job: auspice/H10.json
    resources: tmpdir=/var/folders/g_/6938g_6s199gxxswt2nf7w500000gn/T

[Mon Jun 10 12:50:05 2024]
Finished job 0.
12 of 12 steps (100%) done
Complete log: .snakemake/log/2024-06-10T124524.559171.snakemake.log
