Building DAG of jobs...
Using shell: /Users/katekistler/.nextstrain/runtimes/conda/env/bin/bash
Provided cores: 8
Rules claiming more threads will be scaled down.
Job stats:
job                  count
-----------------  -------
align                    1
all                      1
ancestral                1
export                   1
export_w_outgroup        1
filter                   1
include_outgroup         1
parse                    1
prune_outgroup           1
refine                   1
translate                1
tree                     1
total                   12

Select jobs to execute...

[Mon Jun 10 11:40:14 2024]
rule include_outgroup:
    input: data/H11_ncbi_sequences.fasta
    output: results/H11/sequences_w_outgroup.fasta, config/H11/include_strains.txt
    jobid: 8
    reason: Missing output files: results/H11/sequences_w_outgroup.fasta
    wildcards: ha_type=H11
    resources: tmpdir=/var/folders/g_/6938g_6s199gxxswt2nf7w500000gn/T

[Mon Jun 10 11:40:14 2024]
Finished job 8.
1 of 12 steps (8%) done
Select jobs to execute...

[Mon Jun 10 11:40:14 2024]
Job 7: Parsing fasta into sequences and metadata
Reason: Missing output files: results/H11/metadata.tsv, results/H11/sequences.fasta; Input files updated by another job: results/H11/sequences_w_outgroup.fasta

[Mon Jun 10 11:40:16 2024]
Finished job 7.
2 of 12 steps (17%) done
Select jobs to execute...

[Mon Jun 10 11:40:16 2024]
Job 6: 
        Filtering to
          - 50 sequence(s) per year
          - excluding strains in config/dropped_strains_ha.txt
          - only HA sequences
          - excluding strains prior to 1950
        
Reason: Missing output files: results/H11/filtered.fasta; Updated input files: config/dropped_strains_ha.txt; Input files updated by another job: results/H11/metadata.tsv, config/H11/include_strains.txt, results/H11/sequences.fasta

[Mon Jun 10 11:40:18 2024]
Finished job 6.
3 of 12 steps (25%) done
Select jobs to execute...

[Mon Jun 10 11:40:18 2024]
Job 5: 
        Aligning sequences to config/H11/reference_H11.gb
          - filling gaps with N
        
Reason: Missing output files: results/H11/aligned.fasta; Input files updated by another job: results/H11/filtered.fasta

[Mon Jun 10 11:40:58 2024]
Finished job 5.
4 of 12 steps (33%) done
Select jobs to execute...

[Mon Jun 10 11:40:58 2024]
Job 4: Building tree
Reason: Missing output files: results/H11/tree-raw.nwk; Input files updated by another job: results/H11/aligned.fasta

[Mon Jun 10 11:41:11 2024]
Finished job 4.
5 of 12 steps (42%) done
Select jobs to execute...

[Mon Jun 10 11:41:11 2024]
Job 3: 
        Refining tree
          - estimate timetree
          - use const coalescent timescale
          - estimate marginal node dates
        
Reason: Missing output files: results/H11/tree.nwk, results/H11/branch-lengths.json; Input files updated by another job: results/H11/metadata.tsv, results/H11/tree-raw.nwk, results/H11/aligned.fasta

[Mon Jun 10 11:44:52 2024]
Finished job 3.
6 of 12 steps (50%) done
Select jobs to execute...

[Mon Jun 10 11:44:52 2024]
Job 11: Exporting data files for for auspice
Reason: Input files updated by another job: results/H11/metadata.tsv, results/H11/tree.nwk, results/H11/branch-lengths.json

[Mon Jun 10 11:44:54 2024]
Finished job 11.
7 of 12 steps (58%) done
Select jobs to execute...

[Mon Jun 10 11:44:54 2024]
Job 2: Pruning outgroup from tree
Reason: Missing output files: results/H11/tree_pruned.nwk; Input files updated by another job: results/H11/tree.nwk, auspice/H11_w_outgroup.json

[Mon Jun 10 11:44:55 2024]
Finished job 2.
8 of 12 steps (67%) done
Select jobs to execute...

[Mon Jun 10 11:44:55 2024]
Job 12: Reconstructing ancestral sequences and mutations
Reason: Missing output files: results/H11/nt-muts.json; Input files updated by another job: results/H11/aligned.fasta, results/H11/tree_pruned.nwk

[Mon Jun 10 11:45:00 2024]
Finished job 12.
9 of 12 steps (75%) done
Select jobs to execute...

[Mon Jun 10 11:45:00 2024]
Job 13: Translating amino acid sequences
Reason: Missing output files: results/H11/aa-muts.json; Input files updated by another job: results/H11/nt-muts.json, results/H11/tree_pruned.nwk

[Mon Jun 10 11:45:01 2024]
Finished job 13.
10 of 12 steps (83%) done
Select jobs to execute...

[Mon Jun 10 11:45:01 2024]
Job 1: Exporting data files for auspice, for the pruned tree
Reason: Input files updated by another job: results/H11/metadata.tsv, results/H11/branch-lengths.json, results/H11/nt-muts.json, results/H11/aa-muts.json, results/H11/tree_pruned.nwk

[Mon Jun 10 11:45:03 2024]
Finished job 1.
11 of 12 steps (92%) done
Select jobs to execute...

[Mon Jun 10 11:45:03 2024]
localrule all:
    input: auspice/H11.json
    jobid: 0
    reason: Input files updated by another job: auspice/H11.json
    resources: tmpdir=/var/folders/g_/6938g_6s199gxxswt2nf7w500000gn/T

[Mon Jun 10 11:45:03 2024]
Finished job 0.
12 of 12 steps (100%) done
Complete log: .snakemake/log/2024-06-10T114013.154905.snakemake.log
