Building DAG of jobs...
Using shell: /bin/bash
Provided cores: 8
Rules claiming more threads will be scaled down.
Job stats:
job                  count
-----------------  -------
all                      1
ancestral                2
export                   2
export_w_outgroup        2
prune_outgroup           2
translate                2
total                   11

Select jobs to execute...

[Tue Oct 22 13:36:34 2024]
Job 11: Exporting data files for for auspice
Reason: Missing output files: auspice/H1_w_outgroup.json


[Tue Oct 22 13:36:34 2024]
Job 23: Exporting data files for for auspice
Reason: Missing output files: auspice/H3_w_outgroup.json

[Tue Oct 22 13:36:37 2024]
Finished job 11.
1 of 11 steps (9%) done
Select jobs to execute...

[Tue Oct 22 13:36:37 2024]
Job 2: Pruning outgroup from tree
Reason: Missing output files: results/H1/tree_pruned.nwk; Input files updated by another job: auspice/H1_w_outgroup.json

[Tue Oct 22 13:36:37 2024]
Finished job 23.
2 of 11 steps (18%) done
Select jobs to execute...

[Tue Oct 22 13:36:37 2024]
Job 15: Pruning outgroup from tree
Reason: Missing output files: results/H3/tree_pruned.nwk; Input files updated by another job: auspice/H3_w_outgroup.json

[Tue Oct 22 13:36:38 2024]
Finished job 2.
3 of 11 steps (27%) done
Select jobs to execute...

[Tue Oct 22 13:36:38 2024]
Job 12: Reconstructing ancestral sequences and mutations
Reason: Missing output files: results/H1/nt-muts.json; Input files updated by another job: results/H1/tree_pruned.nwk

[Tue Oct 22 13:36:38 2024]
Finished job 15.
4 of 11 steps (36%) done
Select jobs to execute...

[Tue Oct 22 13:36:38 2024]
Job 24: Reconstructing ancestral sequences and mutations
Reason: Missing output files: results/H3/nt-muts.json; Input files updated by another job: results/H3/tree_pruned.nwk

[Tue Oct 22 13:36:45 2024]
Finished job 12.
5 of 11 steps (45%) done
Select jobs to execute...

[Tue Oct 22 13:36:45 2024]
Job 13: Translating amino acid sequences
Reason: Missing output files: results/H1/aa-muts.json; Input files updated by another job: results/H1/nt-muts.json, results/H1/tree_pruned.nwk

[Tue Oct 22 13:36:46 2024]
Finished job 13.
6 of 11 steps (55%) done
Select jobs to execute...

[Tue Oct 22 13:36:46 2024]
Job 1: Exporting data files for auspice, for the pruned tree
Reason: Missing output files: auspice/H1.json; Input files updated by another job: results/H1/nt-muts.json, results/H1/tree_pruned.nwk, results/H1/aa-muts.json

[Tue Oct 22 13:36:48 2024]
Finished job 24.
7 of 11 steps (64%) done
Select jobs to execute...

[Tue Oct 22 13:36:48 2024]
Job 25: Translating amino acid sequences
Reason: Missing output files: results/H3/aa-muts.json; Input files updated by another job: results/H3/tree_pruned.nwk, results/H3/nt-muts.json

[Tue Oct 22 13:36:50 2024]
Finished job 1.
8 of 11 steps (73%) done
[Tue Oct 22 13:36:50 2024]
Finished job 25.
9 of 11 steps (82%) done
Select jobs to execute...

[Tue Oct 22 13:36:50 2024]
Job 14: Exporting data files for auspice, for the pruned tree
Reason: Missing output files: auspice/H3.json; Input files updated by another job: results/H3/tree_pruned.nwk, results/H3/nt-muts.json, results/H3/aa-muts.json

[Tue Oct 22 13:36:53 2024]
Finished job 14.
10 of 11 steps (91%) done
Select jobs to execute...

[Tue Oct 22 13:36:53 2024]
localrule all:
    input: auspice/H1.json, auspice/H3.json
    jobid: 0
    reason: Input files updated by another job: auspice/H1.json, auspice/H3.json
    resources: tmpdir=/var/folders/g_/6938g_6s199gxxswt2nf7w500000gn/T

[Tue Oct 22 13:36:53 2024]
Finished job 0.
11 of 11 steps (100%) done
Complete log: .snakemake/log/2024-10-22T133633.183939.snakemake.log
