Building DAG of jobs...
Using shell: /Users/katekistler/.nextstrain/runtimes/conda/env/bin/bash
Provided cores: 8
Rules claiming more threads will be scaled down.
Job stats:
job                  count
-----------------  -------
align                    1
all                      1
ancestral                1
export                   1
export_w_outgroup        1
filter                   1
prune_outgroup           1
refine                   1
translate                1
tree                     1
total                   10

Select jobs to execute...

[Thu Sep 12 12:41:13 2024]
Job 6: 
        Filtering to
          - 50 sequence(s) per year
          - excluding strains in config/dropped_strains_ha.txt
          - only HA sequences
          - excluding strains prior to 1950
        
Reason: Updated input files: config/dropped_strains_ha.txt

[Thu Sep 12 12:41:16 2024]
Finished job 6.
1 of 10 steps (10%) done
Select jobs to execute...

[Thu Sep 12 12:41:16 2024]
Job 5: 
        Aligning sequences to config/H11/reference_H11.gb
          - filling gaps with N
        
Reason: Input files updated by another job: results/H11/filtered.fasta

[Thu Sep 12 12:42:10 2024]
Finished job 5.
2 of 10 steps (20%) done
Select jobs to execute...

[Thu Sep 12 12:42:10 2024]
Job 4: Building tree
Reason: Input files updated by another job: results/H11/aligned.fasta

[Thu Sep 12 12:42:22 2024]
Finished job 4.
3 of 10 steps (30%) done
Select jobs to execute...

[Thu Sep 12 12:42:22 2024]
Job 3: 
        Refining tree
          - estimate timetree
          - use const coalescent timescale
          - estimate marginal node dates
        
Reason: Input files updated by another job: results/H11/tree-raw.nwk, results/H11/aligned.fasta

[Thu Sep 12 12:46:03 2024]
Finished job 3.
4 of 10 steps (40%) done
Select jobs to execute...

[Thu Sep 12 12:46:03 2024]
Job 11: Exporting data files for for auspice
Reason: Input files updated by another job: results/H11/branch-lengths.json, results/H11/tree.nwk

[Thu Sep 12 12:46:05 2024]
Finished job 11.
5 of 10 steps (50%) done
Select jobs to execute...

[Thu Sep 12 12:46:05 2024]
Job 2: Pruning outgroup from tree
Reason: Input files updated by another job: auspice/H11_w_outgroup.json, results/H11/tree.nwk

[Thu Sep 12 12:46:05 2024]
Finished job 2.
6 of 10 steps (60%) done
Select jobs to execute...

[Thu Sep 12 12:46:05 2024]
Job 12: Reconstructing ancestral sequences and mutations
Reason: Input files updated by another job: results/H11/tree_pruned.nwk, results/H11/aligned.fasta

[Thu Sep 12 12:46:11 2024]
Finished job 12.
7 of 10 steps (70%) done
Select jobs to execute...

[Thu Sep 12 12:46:11 2024]
Job 13: Translating amino acid sequences
Reason: Input files updated by another job: results/H11/nt-muts.json, results/H11/tree_pruned.nwk

[Thu Sep 12 12:46:12 2024]
Finished job 13.
8 of 10 steps (80%) done
Select jobs to execute...

[Thu Sep 12 12:46:12 2024]
Job 1: Exporting data files for auspice, for the pruned tree
Reason: Input files updated by another job: results/H11/branch-lengths.json, results/H11/tree_pruned.nwk, results/H11/nt-muts.json, results/H11/aa-muts.json

[Thu Sep 12 12:46:14 2024]
Finished job 1.
9 of 10 steps (90%) done
Select jobs to execute...

[Thu Sep 12 12:46:14 2024]
localrule all:
    input: auspice/H11.json
    jobid: 0
    reason: Input files updated by another job: auspice/H11.json
    resources: tmpdir=/var/folders/g_/6938g_6s199gxxswt2nf7w500000gn/T

[Thu Sep 12 12:46:14 2024]
Finished job 0.
10 of 10 steps (100%) done
Complete log: .snakemake/log/2024-09-12T124112.798548.snakemake.log
