Building DAG of jobs...
Using shell: /Users/katekistler/.nextstrain/runtimes/conda/env/bin/bash
Provided cores: 8
Rules claiming more threads will be scaled down.
Job stats:
job                  count
-----------------  -------
align                    1
all                      1
ancestral                1
export                   1
export_w_outgroup        1
filter                   1
include_outgroup         1
parse                    1
parse_ncbi_fasta         1
prune_outgroup           1
refine                   1
translate                1
tree                     1
total                   13

Select jobs to execute...

[Mon Jun 10 10:36:22 2024]
rule parse_ncbi_fasta:
    input: data/raw_avian_fluA_sequences.fasta, data/general-geolocation-rules.tsv
    output: data/H1_ncbi_sequences.fasta
    jobid: 9
    reason: Missing output files: data/H1_ncbi_sequences.fasta
    wildcards: ha_type=H1
    resources: tmpdir=/var/folders/g_/6938g_6s199gxxswt2nf7w500000gn/T

[Mon Jun 10 10:36:32 2024]
Finished job 9.
1 of 13 steps (8%) done
Select jobs to execute...

[Mon Jun 10 10:36:32 2024]
rule include_outgroup:
    input: data/H1_ncbi_sequences.fasta
    output: results/H1/sequences_w_outgroup.fasta, config/H1/include_strains.txt
    jobid: 8
    reason: Missing output files: results/H1/sequences_w_outgroup.fasta; Input files updated by another job: data/H1_ncbi_sequences.fasta
    wildcards: ha_type=H1
    resources: tmpdir=/var/folders/g_/6938g_6s199gxxswt2nf7w500000gn/T

[Mon Jun 10 10:36:33 2024]
Finished job 8.
2 of 13 steps (15%) done
Select jobs to execute...

[Mon Jun 10 10:36:33 2024]
Job 7: Parsing fasta into sequences and metadata
Reason: Missing output files: results/H1/sequences.fasta, results/H1/metadata.tsv; Input files updated by another job: results/H1/sequences_w_outgroup.fasta

[Mon Jun 10 10:36:35 2024]
Finished job 7.
3 of 13 steps (23%) done
Select jobs to execute...

[Mon Jun 10 10:36:35 2024]
Job 6: 
        Filtering to
          - 50 sequence(s) per year
          - excluding strains in config/dropped_strains_ha.txt
          - only HA sequences
          - excluding strains prior to 1950
        
Reason: Missing output files: results/H1/filtered.fasta; Input files updated by another job: results/H1/sequences.fasta, config/H1/include_strains.txt, results/H1/metadata.tsv

[Mon Jun 10 10:36:37 2024]
Finished job 6.
4 of 13 steps (31%) done
Select jobs to execute...

[Mon Jun 10 10:36:37 2024]
Job 5: 
        Aligning sequences to config/H1/reference_H1.gb
          - filling gaps with N
        
Reason: Missing output files: results/H1/aligned.fasta; Input files updated by another job: results/H1/filtered.fasta

[Mon Jun 10 10:36:38 2024]
Error in rule align:
    jobid: 5
    input: results/H1/filtered.fasta, config/H1/reference_H1.gb
    output: results/H1/aligned.fasta
    shell:
        
        augur align             --sequences results/H1/filtered.fasta             --reference-sequence config/H1/reference_H1.gb             --output results/H1/aligned.fasta             --remove-reference             --nthreads 1
        
        (one of the commands exited with non-zero exit code; note that snakemake uses bash strict mode!)

Shutting down, this might take some time.
Exiting because a job execution failed. Look above for error message
Complete log: .snakemake/log/2024-06-10T103621.279063.snakemake.log
