Building DAG of jobs...
Using shell: /Users/katekistler/.nextstrain/runtimes/conda/env/bin/bash
Provided cores: 8
Rules claiming more threads will be scaled down.
Job stats:
job                  count
-----------------  -------
align                    1
all                      1
ancestral                1
export                   1
export_w_outgroup        1
filter                   1
include_outgroup         1
parse                    1
parse_ncbi_fasta         1
prune_outgroup           1
refine                   1
translate                1
tree                     1
total                   13

Select jobs to execute...

[Mon Jun 10 12:13:09 2024]
rule parse_ncbi_fasta:
    input: data/raw_avian_fluA_sequences.fasta, data/general-geolocation-rules.tsv
    output: data/H10_ncbi_sequences.fasta
    jobid: 9
    reason: Missing output files: data/H10_ncbi_sequences.fasta
    wildcards: ha_type=H10
    resources: tmpdir=/var/folders/g_/6938g_6s199gxxswt2nf7w500000gn/T

[Mon Jun 10 12:13:20 2024]
Finished job 9.
1 of 13 steps (8%) done
Select jobs to execute...

[Mon Jun 10 12:13:20 2024]
rule include_outgroup:
    input: data/H10_ncbi_sequences.fasta
    output: results/H10/sequences_w_outgroup.fasta, config/H10/include_strains.txt
    jobid: 8
    reason: Missing output files: results/H10/sequences_w_outgroup.fasta; Input files updated by another job: data/H10_ncbi_sequences.fasta
    wildcards: ha_type=H10
    resources: tmpdir=/var/folders/g_/6938g_6s199gxxswt2nf7w500000gn/T

[Mon Jun 10 12:13:21 2024]
Finished job 8.
2 of 13 steps (15%) done
Select jobs to execute...

[Mon Jun 10 12:13:21 2024]
Job 7: Parsing fasta into sequences and metadata
Reason: Missing output files: results/H10/metadata.tsv, results/H10/sequences.fasta; Input files updated by another job: results/H10/sequences_w_outgroup.fasta

[Mon Jun 10 12:13:23 2024]
Finished job 7.
3 of 13 steps (23%) done
Select jobs to execute...

[Mon Jun 10 12:13:23 2024]
Job 6: 
        Filtering to
          - 50 sequence(s) per year
          - excluding strains in config/dropped_strains_ha.txt
          - only HA sequences
          - excluding strains prior to 1950
        
Reason: Missing output files: results/H10/filtered.fasta; Input files updated by another job: config/H10/include_strains.txt, results/H10/metadata.tsv, results/H10/sequences.fasta

[Mon Jun 10 12:13:25 2024]
Finished job 6.
4 of 13 steps (31%) done
Select jobs to execute...

[Mon Jun 10 12:13:25 2024]
Job 5: 
        Aligning sequences to config/H10/reference_H10.gb
          - filling gaps with N
        
Reason: Missing output files: results/H10/aligned.fasta; Input files updated by another job: results/H10/filtered.fasta

[Mon Jun 10 12:14:05 2024]
Finished job 5.
5 of 13 steps (38%) done
Select jobs to execute...

[Mon Jun 10 12:14:05 2024]
Job 4: Building tree
Reason: Missing output files: results/H10/tree-raw.nwk; Input files updated by another job: results/H10/aligned.fasta

[Mon Jun 10 12:14:17 2024]
Finished job 4.
6 of 13 steps (46%) done
Select jobs to execute...

[Mon Jun 10 12:14:17 2024]
Job 3: 
        Refining tree
          - estimate timetree
          - use const coalescent timescale
          - estimate marginal node dates
        
Reason: Missing output files: results/H10/tree.nwk, results/H10/branch-lengths.json; Input files updated by another job: results/H10/tree-raw.nwk, results/H10/aligned.fasta, results/H10/metadata.tsv

[Mon Jun 10 12:15:45 2024]
Error in rule refine:
    jobid: 3
    input: results/H10/tree-raw.nwk, results/H10/aligned.fasta, results/H10/metadata.tsv
    output: results/H10/tree.nwk, results/H10/branch-lengths.json
    shell:
        
        augur refine             --tree results/H10/tree-raw.nwk             --alignment results/H10/aligned.fasta             --metadata results/H10/metadata.tsv             --output-tree results/H10/tree.nwk             --output-node-data results/H10/branch-lengths.json             --timetree             --coalescent const             --date-confidence             --date-inference marginal             --clock-filter-iqd 4
        
        (one of the commands exited with non-zero exit code; note that snakemake uses bash strict mode!)

Shutting down, this might take some time.
Exiting because a job execution failed. Look above for error message
Complete log: .snakemake/log/2024-06-10T121308.261185.snakemake.log
