Building DAG of jobs...
Using shell: /Users/katekistler/.nextstrain/runtimes/conda/env/bin/bash
Provided cores: 8
Rules claiming more threads will be scaled down.
Job stats:
job                count
---------------  -------
all                    1
remove_outliers       32
total                 33

Select jobs to execute...

[Fri Apr  4 21:34:29 2025]
rule remove_outliers:
    input: data_temp/yam/pa/sequences.fasta, data_temp/yam/pa/metadata.tsv, exclude/yam/outliers.txt
    output: data/yam/pa/sequences.fasta, data/yam/pa/metadata.tsv
    jobid: 29
    reason: Missing output files: data/yam/pa/sequences.fasta, data/yam/pa/metadata.tsv
    wildcards: lineage=yam, segment=pa
    resources: tmpdir=/var/folders/g_/6938g_6s199gxxswt2nf7w500000gn/T


[Fri Apr  4 21:34:29 2025]
rule remove_outliers:
    input: data_temp/vic/ns/sequences.fasta, data_temp/vic/ns/metadata.tsv, exclude/vic/outliers.txt
    output: data/vic/ns/sequences.fasta, data/vic/ns/metadata.tsv
    jobid: 22
    reason: Missing output files: data/vic/ns/sequences.fasta, data/vic/ns/metadata.tsv
    wildcards: lineage=vic, segment=ns
    resources: tmpdir=/var/folders/g_/6938g_6s199gxxswt2nf7w500000gn/T


[Fri Apr  4 21:34:29 2025]
rule remove_outliers:
    input: data_temp/yam/mp/sequences.fasta, data_temp/yam/mp/metadata.tsv, exclude/yam/outliers.txt
    output: data/yam/mp/sequences.fasta, data/yam/mp/metadata.tsv
    jobid: 31
    reason: Missing output files: data/yam/mp/metadata.tsv, data/yam/mp/sequences.fasta
    wildcards: lineage=yam, segment=mp
    resources: tmpdir=/var/folders/g_/6938g_6s199gxxswt2nf7w500000gn/T


[Fri Apr  4 21:34:29 2025]
rule remove_outliers:
    input: data_temp/vic/np/sequences.fasta, data_temp/vic/np/metadata.tsv, exclude/vic/outliers.txt
    output: data/vic/np/sequences.fasta, data/vic/np/metadata.tsv
    jobid: 24
    reason: Missing output files: data/vic/np/sequences.fasta, data/vic/np/metadata.tsv
    wildcards: lineage=vic, segment=np
    resources: tmpdir=/var/folders/g_/6938g_6s199gxxswt2nf7w500000gn/T


[Fri Apr  4 21:34:29 2025]
rule remove_outliers:
    input: data_temp/vic/ha/sequences.fasta, data_temp/vic/ha/metadata.tsv, exclude/vic/outliers.txt
    output: data/vic/ha/sequences.fasta, data/vic/ha/metadata.tsv
    jobid: 17
    reason: Missing output files: data/vic/ha/metadata.tsv, data/vic/ha/sequences.fasta
    wildcards: lineage=vic, segment=ha
    resources: tmpdir=/var/folders/g_/6938g_6s199gxxswt2nf7w500000gn/T


[Fri Apr  4 21:34:29 2025]
rule remove_outliers:
    input: data_temp/h1n1pdm/mp/sequences.fasta, data_temp/h1n1pdm/mp/metadata.tsv, exclude/h1n1pdm/outliers.txt
    output: data/h1n1pdm/mp/sequences.fasta, data/h1n1pdm/mp/metadata.tsv
    jobid: 7
    reason: Missing output files: data/h1n1pdm/mp/metadata.tsv, data/h1n1pdm/mp/sequences.fasta
    wildcards: lineage=h1n1pdm, segment=mp
    resources: tmpdir=/var/folders/g_/6938g_6s199gxxswt2nf7w500000gn/T


[Fri Apr  4 21:34:29 2025]
rule remove_outliers:
    input: data_temp/h1n1pdm/na/sequences.fasta, data_temp/h1n1pdm/na/metadata.tsv, exclude/h1n1pdm/outliers.txt
    output: data/h1n1pdm/na/sequences.fasta, data/h1n1pdm/na/metadata.tsv
    jobid: 2
    reason: Missing output files: data/h1n1pdm/na/sequences.fasta, data/h1n1pdm/na/metadata.tsv
    wildcards: lineage=h1n1pdm, segment=na
    resources: tmpdir=/var/folders/g_/6938g_6s199gxxswt2nf7w500000gn/T


[Fri Apr  4 21:34:29 2025]
rule remove_outliers:
    input: data_temp/yam/np/sequences.fasta, data_temp/yam/np/metadata.tsv, exclude/yam/outliers.txt
    output: data/yam/np/sequences.fasta, data/yam/np/metadata.tsv
    jobid: 32
    reason: Missing output files: data/yam/np/sequences.fasta, data/yam/np/metadata.tsv
    wildcards: lineage=yam, segment=np
    resources: tmpdir=/var/folders/g_/6938g_6s199gxxswt2nf7w500000gn/T

[Fri Apr  4 21:34:30 2025]
Finished job 24.
1 of 33 steps (3%) done
Select jobs to execute...

[Fri Apr  4 21:34:30 2025]
rule remove_outliers:
    input: data_temp/h3n2/mp/sequences.fasta, data_temp/h3n2/mp/metadata.tsv, exclude/h3n2/outliers.txt
    output: data/h3n2/mp/sequences.fasta, data/h3n2/mp/metadata.tsv
    jobid: 15
    reason: Missing output files: data/h3n2/mp/metadata.tsv, data/h3n2/mp/sequences.fasta
    wildcards: lineage=h3n2, segment=mp
    resources: tmpdir=/var/folders/g_/6938g_6s199gxxswt2nf7w500000gn/T

[Fri Apr  4 21:34:30 2025]
Finished job 31.
2 of 33 steps (6%) done
[Fri Apr  4 21:34:30 2025]
Finished job 32.
3 of 33 steps (9%) done
[Fri Apr  4 21:34:30 2025]
Finished job 22.
4 of 33 steps (12%) done
[Fri Apr  4 21:34:30 2025]
Finished job 29.
5 of 33 steps (15%) done
[Fri Apr  4 21:34:30 2025]
Finished job 7.
6 of 33 steps (18%) done
[Fri Apr  4 21:34:30 2025]
Finished job 2.
7 of 33 steps (21%) done
Select jobs to execute...

[Fri Apr  4 21:34:31 2025]
rule remove_outliers:
    input: data_temp/h1n1pdm/pb1/sequences.fasta, data_temp/h1n1pdm/pb1/metadata.tsv, exclude/h1n1pdm/outliers.txt
    output: data/h1n1pdm/pb1/sequences.fasta, data/h1n1pdm/pb1/metadata.tsv
    jobid: 3
    reason: Missing output files: data/h1n1pdm/pb1/sequences.fasta, data/h1n1pdm/pb1/metadata.tsv
    wildcards: lineage=h1n1pdm, segment=pb1
    resources: tmpdir=/var/folders/g_/6938g_6s199gxxswt2nf7w500000gn/T


[Fri Apr  4 21:34:31 2025]
rule remove_outliers:
    input: data_temp/h3n2/pa/sequences.fasta, data_temp/h3n2/pa/metadata.tsv, exclude/h3n2/outliers.txt
    output: data/h3n2/pa/sequences.fasta, data/h3n2/pa/metadata.tsv
    jobid: 13
    reason: Missing output files: data/h3n2/pa/sequences.fasta, data/h3n2/pa/metadata.tsv
    wildcards: lineage=h3n2, segment=pa
    resources: tmpdir=/var/folders/g_/6938g_6s199gxxswt2nf7w500000gn/T


[Fri Apr  4 21:34:31 2025]
rule remove_outliers:
    input: data_temp/h1n1pdm/ha/sequences.fasta, data_temp/h1n1pdm/ha/metadata.tsv, exclude/h1n1pdm/outliers.txt
    output: data/h1n1pdm/ha/sequences.fasta, data/h1n1pdm/ha/metadata.tsv
    jobid: 1
    reason: Missing output files: data/h1n1pdm/ha/metadata.tsv, data/h1n1pdm/ha/sequences.fasta
    wildcards: lineage=h1n1pdm, segment=ha
    resources: tmpdir=/var/folders/g_/6938g_6s199gxxswt2nf7w500000gn/T


[Fri Apr  4 21:34:31 2025]
rule remove_outliers:
    input: data_temp/yam/na/sequences.fasta, data_temp/yam/na/metadata.tsv, exclude/yam/outliers.txt
    output: data/yam/na/sequences.fasta, data/yam/na/metadata.tsv
    jobid: 26
    reason: Missing output files: data/yam/na/metadata.tsv, data/yam/na/sequences.fasta
    wildcards: lineage=yam, segment=na
    resources: tmpdir=/var/folders/g_/6938g_6s199gxxswt2nf7w500000gn/T


[Fri Apr  4 21:34:31 2025]
rule remove_outliers:
    input: data_temp/vic/pb1/sequences.fasta, data_temp/vic/pb1/metadata.tsv, exclude/vic/outliers.txt
    output: data/vic/pb1/sequences.fasta, data/vic/pb1/metadata.tsv
    jobid: 19
    reason: Missing output files: data/vic/pb1/metadata.tsv, data/vic/pb1/sequences.fasta
    wildcards: lineage=vic, segment=pb1
    resources: tmpdir=/var/folders/g_/6938g_6s199gxxswt2nf7w500000gn/T


[Fri Apr  4 21:34:31 2025]
rule remove_outliers:
    input: data_temp/h3n2/ha/sequences.fasta, data_temp/h3n2/ha/metadata.tsv, exclude/h3n2/outliers.txt
    output: data/h3n2/ha/sequences.fasta, data/h3n2/ha/metadata.tsv
    jobid: 9
    reason: Missing output files: data/h3n2/ha/sequences.fasta, data/h3n2/ha/metadata.tsv; Set of input files has changed since last execution; Code has changed since last execution
    wildcards: lineage=h3n2, segment=ha
    resources: tmpdir=/var/folders/g_/6938g_6s199gxxswt2nf7w500000gn/T

Select jobs to execute...
[Fri Apr  4 21:34:31 2025]
Finished job 17.
8 of 33 steps (24%) done

[Fri Apr  4 21:34:31 2025]
rule remove_outliers:
    input: data_temp/h1n1pdm/ns/sequences.fasta, data_temp/h1n1pdm/ns/metadata.tsv, exclude/h1n1pdm/outliers.txt
    output: data/h1n1pdm/ns/sequences.fasta, data/h1n1pdm/ns/metadata.tsv
    jobid: 6
    reason: Missing output files: data/h1n1pdm/ns/sequences.fasta, data/h1n1pdm/ns/metadata.tsv
    wildcards: lineage=h1n1pdm, segment=ns
    resources: tmpdir=/var/folders/g_/6938g_6s199gxxswt2nf7w500000gn/T

[Fri Apr  4 21:34:31 2025]
Finished job 15.
9 of 33 steps (27%) done
Select jobs to execute...

[Fri Apr  4 21:34:31 2025]
rule remove_outliers:
    input: data_temp/vic/pa/sequences.fasta, data_temp/vic/pa/metadata.tsv, exclude/vic/outliers.txt
    output: data/vic/pa/sequences.fasta, data/vic/pa/metadata.tsv
    jobid: 21
    reason: Missing output files: data/vic/pa/metadata.tsv, data/vic/pa/sequences.fasta
    wildcards: lineage=vic, segment=pa
    resources: tmpdir=/var/folders/g_/6938g_6s199gxxswt2nf7w500000gn/T

[Fri Apr  4 21:34:32 2025]
Finished job 26.
10 of 33 steps (30%) done
Select jobs to execute...

[Fri Apr  4 21:34:32 2025]
rule remove_outliers:
    input: data_temp/yam/pb2/sequences.fasta, data_temp/yam/pb2/metadata.tsv, exclude/yam/outliers.txt
    output: data/yam/pb2/sequences.fasta, data/yam/pb2/metadata.tsv
    jobid: 28
    reason: Missing output files: data/yam/pb2/metadata.tsv, data/yam/pb2/sequences.fasta
    wildcards: lineage=yam, segment=pb2
    resources: tmpdir=/var/folders/g_/6938g_6s199gxxswt2nf7w500000gn/T

[Fri Apr  4 21:34:32 2025]
Finished job 13.
11 of 33 steps (33%) done
[Fri Apr  4 21:34:32 2025]
Finished job 3.
12 of 33 steps (36%) done
[Fri Apr  4 21:34:32 2025]
Finished job 19.
13 of 33 steps (39%) done
Select jobs to execute...

[Fri Apr  4 21:34:32 2025]
rule remove_outliers:
    input: data_temp/yam/ha/sequences.fasta, data_temp/yam/ha/metadata.tsv, exclude/yam/outliers.txt
    output: data/yam/ha/sequences.fasta, data/yam/ha/metadata.tsv
    jobid: 25
    reason: Missing output files: data/yam/ha/metadata.tsv, data/yam/ha/sequences.fasta
    wildcards: lineage=yam, segment=ha
    resources: tmpdir=/var/folders/g_/6938g_6s199gxxswt2nf7w500000gn/T


[Fri Apr  4 21:34:32 2025]
rule remove_outliers:
    input: data_temp/h3n2/pb1/sequences.fasta, data_temp/h3n2/pb1/metadata.tsv, exclude/h3n2/outliers.txt
    output: data/h3n2/pb1/sequences.fasta, data/h3n2/pb1/metadata.tsv
    jobid: 11
    reason: Missing output files: data/h3n2/pb1/metadata.tsv, data/h3n2/pb1/sequences.fasta
    wildcards: lineage=h3n2, segment=pb1
    resources: tmpdir=/var/folders/g_/6938g_6s199gxxswt2nf7w500000gn/T


[Fri Apr  4 21:34:32 2025]
rule remove_outliers:
    input: data_temp/h3n2/ns/sequences.fasta, data_temp/h3n2/ns/metadata.tsv, exclude/h3n2/outliers.txt
    output: data/h3n2/ns/sequences.fasta, data/h3n2/ns/metadata.tsv
    jobid: 14
    reason: Missing output files: data/h3n2/ns/metadata.tsv, data/h3n2/ns/sequences.fasta
    wildcards: lineage=h3n2, segment=ns
    resources: tmpdir=/var/folders/g_/6938g_6s199gxxswt2nf7w500000gn/T

Select jobs to execute...
[Fri Apr  4 21:34:32 2025]
Finished job 6.
14 of 33 steps (42%) done

[Fri Apr  4 21:34:32 2025]
rule remove_outliers:
    input: data_temp/vic/mp/sequences.fasta, data_temp/vic/mp/metadata.tsv, exclude/vic/outliers.txt
    output: data/vic/mp/sequences.fasta, data/vic/mp/metadata.tsv
    jobid: 23
    reason: Missing output files: data/vic/mp/metadata.tsv, data/vic/mp/sequences.fasta
    wildcards: lineage=vic, segment=mp
    resources: tmpdir=/var/folders/g_/6938g_6s199gxxswt2nf7w500000gn/T

[Fri Apr  4 21:34:32 2025]
Finished job 9.
15 of 33 steps (45%) done
Select jobs to execute...

[Fri Apr  4 21:34:32 2025]
rule remove_outliers:
    input: data_temp/h3n2/np/sequences.fasta, data_temp/h3n2/np/metadata.tsv, exclude/h3n2/outliers.txt
    output: data/h3n2/np/sequences.fasta, data/h3n2/np/metadata.tsv
    jobid: 16
    reason: Missing output files: data/h3n2/np/metadata.tsv, data/h3n2/np/sequences.fasta
    wildcards: lineage=h3n2, segment=np
    resources: tmpdir=/var/folders/g_/6938g_6s199gxxswt2nf7w500000gn/T

[Fri Apr  4 21:34:32 2025]
Finished job 1.
16 of 33 steps (48%) done
Select jobs to execute...

[Fri Apr  4 21:34:32 2025]
rule remove_outliers:
    input: data_temp/h1n1pdm/pb2/sequences.fasta, data_temp/h1n1pdm/pb2/metadata.tsv, exclude/h1n1pdm/outliers.txt
    output: data/h1n1pdm/pb2/sequences.fasta, data/h1n1pdm/pb2/metadata.tsv
    jobid: 4
    reason: Missing output files: data/h1n1pdm/pb2/sequences.fasta, data/h1n1pdm/pb2/metadata.tsv
    wildcards: lineage=h1n1pdm, segment=pb2
    resources: tmpdir=/var/folders/g_/6938g_6s199gxxswt2nf7w500000gn/T

[Fri Apr  4 21:34:33 2025]
Finished job 21.
17 of 33 steps (52%) done
Select jobs to execute...

[Fri Apr  4 21:34:33 2025]
rule remove_outliers:
    input: data_temp/yam/ns/sequences.fasta, data_temp/yam/ns/metadata.tsv, exclude/yam/outliers.txt
    output: data/yam/ns/sequences.fasta, data/yam/ns/metadata.tsv
    jobid: 30
    reason: Missing output files: data/yam/ns/metadata.tsv, data/yam/ns/sequences.fasta
    wildcards: lineage=yam, segment=ns
    resources: tmpdir=/var/folders/g_/6938g_6s199gxxswt2nf7w500000gn/T

[Fri Apr  4 21:34:33 2025]
Finished job 28.
18 of 33 steps (55%) done
Select jobs to execute...

[Fri Apr  4 21:34:33 2025]
rule remove_outliers:
    input: data_temp/h3n2/pb2/sequences.fasta, data_temp/h3n2/pb2/metadata.tsv, exclude/h3n2/outliers.txt
    output: data/h3n2/pb2/sequences.fasta, data/h3n2/pb2/metadata.tsv
    jobid: 12
    reason: Missing output files: data/h3n2/pb2/sequences.fasta, data/h3n2/pb2/metadata.tsv
    wildcards: lineage=h3n2, segment=pb2
    resources: tmpdir=/var/folders/g_/6938g_6s199gxxswt2nf7w500000gn/T

[Fri Apr  4 21:34:33 2025]
Finished job 14.
19 of 33 steps (58%) done
Select jobs to execute...

[Fri Apr  4 21:34:33 2025]
rule remove_outliers:
    input: data_temp/h3n2/na/sequences.fasta, data_temp/h3n2/na/metadata.tsv, exclude/h3n2/outliers.txt
    output: data/h3n2/na/sequences.fasta, data/h3n2/na/metadata.tsv
    jobid: 10
    reason: Missing output files: data/h3n2/na/metadata.tsv, data/h3n2/na/sequences.fasta
    wildcards: lineage=h3n2, segment=na
    resources: tmpdir=/var/folders/g_/6938g_6s199gxxswt2nf7w500000gn/T

[Fri Apr  4 21:34:33 2025]
Finished job 11.
20 of 33 steps (61%) done
Select jobs to execute...

[Fri Apr  4 21:34:33 2025]
rule remove_outliers:
    input: data_temp/vic/pb2/sequences.fasta, data_temp/vic/pb2/metadata.tsv, exclude/vic/outliers.txt
    output: data/vic/pb2/sequences.fasta, data/vic/pb2/metadata.tsv
    jobid: 20
    reason: Missing output files: data/vic/pb2/metadata.tsv, data/vic/pb2/sequences.fasta
    wildcards: lineage=vic, segment=pb2
    resources: tmpdir=/var/folders/g_/6938g_6s199gxxswt2nf7w500000gn/T

[Fri Apr  4 21:34:33 2025]
Finished job 23.
21 of 33 steps (64%) done
[Fri Apr  4 21:34:33 2025]
Finished job 16.
22 of 33 steps (67%) done
Select jobs to execute...

[Fri Apr  4 21:34:33 2025]
rule remove_outliers:
    input: data_temp/h1n1pdm/pa/sequences.fasta, data_temp/h1n1pdm/pa/metadata.tsv, exclude/h1n1pdm/outliers.txt
    output: data/h1n1pdm/pa/sequences.fasta, data/h1n1pdm/pa/metadata.tsv
    jobid: 5
    reason: Missing output files: data/h1n1pdm/pa/metadata.tsv, data/h1n1pdm/pa/sequences.fasta
    wildcards: lineage=h1n1pdm, segment=pa
    resources: tmpdir=/var/folders/g_/6938g_6s199gxxswt2nf7w500000gn/T


[Fri Apr  4 21:34:33 2025]
rule remove_outliers:
    input: data_temp/yam/pb1/sequences.fasta, data_temp/yam/pb1/metadata.tsv, exclude/yam/outliers.txt
    output: data/yam/pb1/sequences.fasta, data/yam/pb1/metadata.tsv
    jobid: 27
    reason: Missing output files: data/yam/pb1/sequences.fasta, data/yam/pb1/metadata.tsv
    wildcards: lineage=yam, segment=pb1
    resources: tmpdir=/var/folders/g_/6938g_6s199gxxswt2nf7w500000gn/T

[Fri Apr  4 21:34:33 2025]
Finished job 25.
23 of 33 steps (70%) done
Select jobs to execute...

[Fri Apr  4 21:34:33 2025]
rule remove_outliers:
    input: data_temp/vic/na/sequences.fasta, data_temp/vic/na/metadata.tsv, exclude/vic/outliers.txt
    output: data/vic/na/sequences.fasta, data/vic/na/metadata.tsv
    jobid: 18
    reason: Missing output files: data/vic/na/metadata.tsv, data/vic/na/sequences.fasta
    wildcards: lineage=vic, segment=na
    resources: tmpdir=/var/folders/g_/6938g_6s199gxxswt2nf7w500000gn/T

[Fri Apr  4 21:34:33 2025]
Finished job 4.
24 of 33 steps (73%) done
Select jobs to execute...

[Fri Apr  4 21:34:33 2025]
rule remove_outliers:
    input: data_temp/h1n1pdm/np/sequences.fasta, data_temp/h1n1pdm/np/metadata.tsv, exclude/h1n1pdm/outliers.txt
    output: data/h1n1pdm/np/sequences.fasta, data/h1n1pdm/np/metadata.tsv
    jobid: 8
    reason: Missing output files: data/h1n1pdm/np/metadata.tsv, data/h1n1pdm/np/sequences.fasta
    wildcards: lineage=h1n1pdm, segment=np
    resources: tmpdir=/var/folders/g_/6938g_6s199gxxswt2nf7w500000gn/T

[Fri Apr  4 21:34:34 2025]
Finished job 30.
25 of 33 steps (76%) done
[Fri Apr  4 21:34:34 2025]
Finished job 12.
26 of 33 steps (79%) done
[Fri Apr  4 21:34:34 2025]
Finished job 10.
27 of 33 steps (82%) done
[Fri Apr  4 21:34:34 2025]
Finished job 20.
28 of 33 steps (85%) done
[Fri Apr  4 21:34:34 2025]
Finished job 5.
29 of 33 steps (88%) done
[Fri Apr  4 21:34:34 2025]
Finished job 27.
30 of 33 steps (91%) done
[Fri Apr  4 21:34:34 2025]
Finished job 8.
31 of 33 steps (94%) done
[Fri Apr  4 21:34:34 2025]
Finished job 18.
32 of 33 steps (97%) done
Select jobs to execute...

[Fri Apr  4 21:34:34 2025]
localrule all:
    input: data/h1n1pdm/ha/metadata.tsv, data/h1n1pdm/na/metadata.tsv, data/h1n1pdm/pb1/metadata.tsv, data/h1n1pdm/pb2/metadata.tsv, data/h1n1pdm/pa/metadata.tsv, data/h1n1pdm/ns/metadata.tsv, data/h1n1pdm/mp/metadata.tsv, data/h1n1pdm/np/metadata.tsv, data/h3n2/ha/metadata.tsv, data/h3n2/na/metadata.tsv, data/h3n2/pb1/metadata.tsv, data/h3n2/pb2/metadata.tsv, data/h3n2/pa/metadata.tsv, data/h3n2/ns/metadata.tsv, data/h3n2/mp/metadata.tsv, data/h3n2/np/metadata.tsv, data/vic/ha/metadata.tsv, data/vic/na/metadata.tsv, data/vic/pb1/metadata.tsv, data/vic/pb2/metadata.tsv, data/vic/pa/metadata.tsv, data/vic/ns/metadata.tsv, data/vic/mp/metadata.tsv, data/vic/np/metadata.tsv, data/yam/ha/metadata.tsv, data/yam/na/metadata.tsv, data/yam/pb1/metadata.tsv, data/yam/pb2/metadata.tsv, data/yam/pa/metadata.tsv, data/yam/ns/metadata.tsv, data/yam/mp/metadata.tsv, data/yam/np/metadata.tsv, data/h1n1pdm/ha/sequences.fasta, data/h1n1pdm/na/sequences.fasta, data/h1n1pdm/pb1/sequences.fasta, data/h1n1pdm/pb2/sequences.fasta, data/h1n1pdm/pa/sequences.fasta, data/h1n1pdm/ns/sequences.fasta, data/h1n1pdm/mp/sequences.fasta, data/h1n1pdm/np/sequences.fasta, data/h3n2/ha/sequences.fasta, data/h3n2/na/sequences.fasta, data/h3n2/pb1/sequences.fasta, data/h3n2/pb2/sequences.fasta, data/h3n2/pa/sequences.fasta, data/h3n2/ns/sequences.fasta, data/h3n2/mp/sequences.fasta, data/h3n2/np/sequences.fasta, data/vic/ha/sequences.fasta, data/vic/na/sequences.fasta, data/vic/pb1/sequences.fasta, data/vic/pb2/sequences.fasta, data/vic/pa/sequences.fasta, data/vic/ns/sequences.fasta, data/vic/mp/sequences.fasta, data/vic/np/sequences.fasta, data/yam/ha/sequences.fasta, data/yam/na/sequences.fasta, data/yam/pb1/sequences.fasta, data/yam/pb2/sequences.fasta, data/yam/pa/sequences.fasta, data/yam/ns/sequences.fasta, data/yam/mp/sequences.fasta, data/yam/np/sequences.fasta
    jobid: 0
    reason: Input files updated by another job: data/h3n2/pb2/sequences.fasta, data/h1n1pdm/mp/metadata.tsv, data/h3n2/mp/metadata.tsv, data/yam/ns/sequences.fasta, data/h3n2/np/sequences.fasta, data/h3n2/na/sequences.fasta, data/yam/ns/metadata.tsv, data/h1n1pdm/pa/sequences.fasta, data/vic/ns/sequences.fasta, data/vic/pa/metadata.tsv, data/h3n2/pb2/metadata.tsv, data/yam/np/sequences.fasta, data/h3n2/mp/sequences.fasta, data/h1n1pdm/pb2/metadata.tsv, data/h3n2/ns/metadata.tsv, data/h3n2/ns/sequences.fasta, data/vic/ns/metadata.tsv, data/yam/mp/metadata.tsv, data/yam/pb1/sequences.fasta, data/h1n1pdm/ns/metadata.tsv, data/yam/mp/sequences.fasta, data/yam/np/metadata.tsv, data/vic/na/metadata.tsv, data/h1n1pdm/pb1/sequences.fasta, data/h1n1pdm/pb1/metadata.tsv, data/h1n1pdm/np/sequences.fasta, data/h3n2/pb1/sequences.fasta, data/h1n1pdm/ns/sequences.fasta, data/vic/pb1/metadata.tsv, data/vic/mp/sequences.fasta, data/yam/ha/metadata.tsv, data/h3n2/pb1/metadata.tsv, data/yam/ha/sequences.fasta, data/vic/pb1/sequences.fasta, data/h1n1pdm/na/metadata.tsv, data/yam/na/sequences.fasta, data/yam/na/metadata.tsv, data/yam/pb2/metadata.tsv, data/h1n1pdm/ha/sequences.fasta, data/vic/pb2/metadata.tsv, data/h3n2/na/metadata.tsv, data/yam/pa/metadata.tsv, data/h3n2/ha/sequences.fasta, data/vic/pb2/sequences.fasta, data/vic/np/metadata.tsv, data/h3n2/pa/sequences.fasta, data/h1n1pdm/na/sequences.fasta, data/h3n2/ha/metadata.tsv, data/vic/na/sequences.fasta, data/vic/pa/sequences.fasta, data/vic/np/sequences.fasta, data/h3n2/np/metadata.tsv, data/h1n1pdm/mp/sequences.fasta, data/h3n2/pa/metadata.tsv, data/vic/ha/metadata.tsv, data/h1n1pdm/pb2/sequences.fasta, data/h1n1pdm/np/metadata.tsv, data/yam/pa/sequences.fasta, data/vic/ha/sequences.fasta, data/yam/pb1/metadata.tsv, data/yam/pb2/sequences.fasta, data/vic/mp/metadata.tsv, data/h1n1pdm/pa/metadata.tsv, data/h1n1pdm/ha/metadata.tsv
    resources: tmpdir=/var/folders/g_/6938g_6s199gxxswt2nf7w500000gn/T

[Fri Apr  4 21:34:34 2025]
Finished job 0.
33 of 33 steps (100%) done
Complete log: .snakemake/log/2025-04-04T213428.789034.snakemake.log
