Building DAG of jobs...
Using shell: /bin/bash
Provided cores: 8
Rules claiming more threads will be scaled down.
Job stats:
job                         count
------------------------  -------
all                             1
download_background_seqs        1
parse_background_seqs           1
total                           3

Select jobs to execute...

[Fri Mar 28 23:31:37 2025]
rule download_background_seqs:
    output: raw_data/h3n2/ha/raw_background-sequences.fasta
    jobid: 5
    reason: Missing output files: raw_data/h3n2/ha/raw_background-sequences.fasta
    wildcards: lineage=h3n2, segment=ha
    resources: tmpdir=/var/folders/g_/6938g_6s199gxxswt2nf7w500000gn/T

[Fri Mar 28 23:49:24 2025]
Finished job 5.
1 of 3 steps (33%) done
Select jobs to execute...

[Fri Mar 28 23:49:24 2025]
rule parse_background_seqs:
    input: raw_data/h3n2/ha/raw_background-sequences.fasta
    output: data/h3n2/ha/background_sequences.fasta, data/h3n2/ha/background_metadata.tsv
    jobid: 4
    reason: Missing output files: data/h3n2/ha/background_metadata.tsv; Input files updated by another job: raw_data/h3n2/ha/raw_background-sequences.fasta
    wildcards: lineage=h3n2, segment=ha
    resources: tmpdir=/var/folders/g_/6938g_6s199gxxswt2nf7w500000gn/T

[Fri Mar 28 23:49:31 2025]
Finished job 4.
2 of 3 steps (67%) done
Select jobs to execute...

[Fri Mar 28 23:49:31 2025]
localrule all:
    input: data/h3n2/ha/egg_metadata.tsv, data/h3n2/ha/background_metadata.tsv
    jobid: 0
    reason: Input files updated by another job: data/h3n2/ha/background_metadata.tsv
    resources: tmpdir=/var/folders/g_/6938g_6s199gxxswt2nf7w500000gn/T

[Fri Mar 28 23:49:31 2025]
Finished job 0.
3 of 3 steps (100%) done
Complete log: .snakemake/log/2025-03-28T233137.045250.snakemake.log
