Building DAG of jobs...
Using shell: /bin/bash
Provided cores: 8
Rules claiming more threads will be scaled down.
Job stats:
job               count
--------------  -------
all                   1
parse_egg_seqs        1
total                 2

Select jobs to execute...

[Fri Mar 28 18:30:39 2025]
rule parse_egg_seqs:
    input: raw_data/h3n2/ha/filtered-egg-passaged-sequences.fasta
    output: data/h3n2/ha/egg_sequences.fasta, data/h3n2/ha/egg_metadata.tsv
    jobid: 1
    reason: Missing output files: data/h3n2/ha/egg_metadata.tsv
    wildcards: lineage=h3n2, segment=ha
    resources: tmpdir=/var/folders/g_/6938g_6s199gxxswt2nf7w500000gn/T

[Fri Mar 28 18:30:40 2025]
Finished job 1.
1 of 2 steps (50%) done
Select jobs to execute...

[Fri Mar 28 18:30:40 2025]
localrule all:
    input: data/h3n2/ha/egg_metadata.tsv
    jobid: 0
    reason: Input files updated by another job: data/h3n2/ha/egg_metadata.tsv
    resources: tmpdir=/var/folders/g_/6938g_6s199gxxswt2nf7w500000gn/T

[Fri Mar 28 18:30:40 2025]
Finished job 0.
2 of 2 steps (100%) done
Complete log: .snakemake/log/2025-03-28T183038.992675.snakemake.log
