Building DAG of jobs...
Using shell: /bin/bash
Provided cores: 8
Rules claiming more threads will be scaled down.
Job stats:
job               count
--------------  -------
all                   1
prune_metadata        1
total                 2

Select jobs to execute...

[Sun Mar 30 13:57:14 2025]
rule prune_metadata:
    input: parsed_data/h3n2/ha/subsampled-background-sequences.fasta, parsed_data/h3n2/ha/background_metadata.tsv
    output: parsed_data/h3n2/ha/subsampled-background-metadata.tsv
    jobid: 7
    reason: Missing output files: parsed_data/h3n2/ha/subsampled-background-metadata.tsv
    wildcards: lineage=h3n2, segment=ha
    resources: tmpdir=/var/folders/g_/6938g_6s199gxxswt2nf7w500000gn/T

[Sun Mar 30 13:57:15 2025]
Finished job 7.
1 of 2 steps (50%) done
Select jobs to execute...

[Sun Mar 30 13:57:15 2025]
localrule all:
    input: parsed_data/h3n2/ha/egg_metadata.tsv, parsed_data/h3n2/ha/background_metadata.tsv, parsed_data/h3n2/ha/subsampled-background-sequences.fasta, parsed_data/h3n2/ha/subsampled-background-metadata.tsv
    jobid: 0
    reason: Input files updated by another job: parsed_data/h3n2/ha/subsampled-background-metadata.tsv
    resources: tmpdir=/var/folders/g_/6938g_6s199gxxswt2nf7w500000gn/T

[Sun Mar 30 13:57:15 2025]
Finished job 0.
2 of 2 steps (100%) done
Complete log: .snakemake/log/2025-03-30T135713.727614.snakemake.log
