Building DAG of jobs...
Using shell: /Users/katekistler/.nextstrain/runtimes/conda/env/bin/bash
Provided cores: 8
Rules claiming more threads will be scaled down.
Job stats:
job                          count
-------------------------  -------
all                              1
combine_metadata                 1
combine_sequences                1
download_background_seqs         1
parse_background_seqs            1
parse_egg_seqs                   1
prune_metadata                   1
subsample_background_seqs        1
total                            8

Select jobs to execute...

[Sun Mar 30 16:33:32 2025]
rule download_background_seqs:
    output: raw_data/h1n1pdm/ha/raw_background-sequences.fasta
    jobid: 8
    reason: Missing output files: raw_data/h1n1pdm/ha/raw_background-sequences.fasta
    wildcards: lineage=h1n1pdm, segment=ha
    resources: tmpdir=/var/folders/g_/6938g_6s199gxxswt2nf7w500000gn/T


[Sun Mar 30 16:33:32 2025]
rule parse_egg_seqs:
    input: raw_data/h1n1pdm/ha/filtered-egg-passaged-sequences.fasta
    output: parsed_data/h1n1pdm/ha/egg_sequences.fasta, parsed_data/h1n1pdm/ha/egg_metadata.tsv
    jobid: 2
    reason: Missing output files: parsed_data/h1n1pdm/ha/egg_sequences.fasta, parsed_data/h1n1pdm/ha/egg_metadata.tsv
    wildcards: lineage=h1n1pdm, segment=ha
    resources: tmpdir=/var/folders/g_/6938g_6s199gxxswt2nf7w500000gn/T

[Sun Mar 30 16:33:33 2025]
Finished job 2.
1 of 8 steps (12%) done
