Building DAG of jobs...
Using shell: /bin/bash
Provided cores: 8
Rules claiming more threads will be scaled down.
Job stats:
job                         count
------------------------  -------
all                             1
download_background_seqs        1
filter_egg_seqs                 1
parse_background_seqs           1
parse_egg_seqs                  1
total                           5

Select jobs to execute...

[Fri Mar 28 18:26:02 2025]
rule download_background_seqs:
    output: raw_data/h3n2/ha/raw_background-sequences.fasta
    jobid: 5
    reason: Missing output files: raw_data/h3n2/ha/raw_background-sequences.fasta
    wildcards: lineage=h3n2, segment=ha
    resources: tmpdir=/var/folders/g_/6938g_6s199gxxswt2nf7w500000gn/T


[Fri Mar 28 18:26:02 2025]
rule filter_egg_seqs:
    input: raw_data/h3n2/ha/egg-passaged-sequences.fasta
    output: raw_data/h3n2/ha/filtered-egg-passaged-sequences.fasta
    jobid: 2
    reason: Missing output files: raw_data/h3n2/ha/filtered-egg-passaged-sequences.fasta
    wildcards: lineage=h3n2, segment=ha
    resources: tmpdir=/var/folders/g_/6938g_6s199gxxswt2nf7w500000gn/T

[Fri Mar 28 18:26:02 2025]
Error in rule filter_egg_seqs:
    jobid: 2
    input: raw_data/h3n2/ha/egg-passaged-sequences.fasta
    output: raw_data/h3n2/ha/filtered-egg-passaged-sequences.fasta
    shell:
        
        python3 scripts/get_highest_egg_passage.py             --lineage h3n2             --segment ha         
        (one of the commands exited with non-zero exit code; note that snakemake uses bash strict mode!)

Terminating processes on user request, this might take some time.
[Fri Mar 28 18:26:36 2025]
Error in rule download_background_seqs:
    jobid: 5
    output: raw_data/h3n2/ha/raw_background-sequences.fasta
    shell:
        
        python3 ../../../fauna/vdb/download.py             --database vdb             --virus flu             --fasta_fields strain virus lineage locus accession collection_date virus_inclusion_date region country division location passage passage_category originating_lab submitting_lab age gender             --resolve_method split_passage             --select passage_category:unpassaged,cell,undetermined locus:ha lineage:seasonal_h3n2             --path raw_data/h3n2/ha             --fstem background-sequences
        
        (one of the commands exited with non-zero exit code; note that snakemake uses bash strict mode!)

Complete log: .snakemake/log/2025-03-28T182601.785407.snakemake.log
