Building DAG of jobs...
Using shell: /bin/bash
Provided cores: 8
Rules claiming more threads will be scaled down.
Job stats:
job                count
---------------  -------
all                    1
filter_egg_seqs        1
parse_egg_seqs         1
total                  3

Select jobs to execute...

[Fri Mar 28 18:31:14 2025]
rule filter_egg_seqs:
    input: raw_data/h3n2/ha/egg-passaged-sequences.fasta
    output: raw_data/h3n2/ha/filtered-egg-passaged-sequences.fasta
    jobid: 2
    reason: Missing output files: raw_data/h3n2/ha/filtered-egg-passaged-sequences.fasta
    wildcards: lineage=h3n2, segment=ha
    resources: tmpdir=/var/folders/g_/6938g_6s199gxxswt2nf7w500000gn/T

[Fri Mar 28 18:31:15 2025]
Error in rule filter_egg_seqs:
    jobid: 2
    input: raw_data/h3n2/ha/egg-passaged-sequences.fasta
    output: raw_data/h3n2/ha/filtered-egg-passaged-sequences.fasta
    shell:
        
        python3 scripts/get_highest_egg_passage.py             --lineage h3n2             --segment ha         
        (one of the commands exited with non-zero exit code; note that snakemake uses bash strict mode!)

Removing output files of failed job filter_egg_seqs since they might be corrupted:
raw_data/h3n2/ha/filtered-egg-passaged-sequences.fasta
Shutting down, this might take some time.
Exiting because a job execution failed. Look above for error message
Complete log: .snakemake/log/2025-03-28T183114.256176.snakemake.log
