Building DAG of jobs...
Using shell: /bin/bash
Provided cores: 8
Rules claiming more threads will be scaled down.
Job stats:
job                         count
------------------------  -------
all                             1
download_background_seqs        1
download_egg_seqs               1
total                           3

Select jobs to execute...

[Fri Mar 28 17:46:02 2025]
rule download_egg_seqs:
    output: raw_data/h3n2/ha/egg-passaged-sequences.fasta
    jobid: 1
    reason: Missing output files: raw_data/h3n2/ha/egg-passaged-sequences.fasta
    wildcards: lineage=h3n2, segment=ha
    resources: tmpdir=/var/folders/g_/6938g_6s199gxxswt2nf7w500000gn/T, concurrent_fauna=1


[Fri Mar 28 17:46:02 2025]
rule download_background_seqs:
    output: raw_data/h3n2/ha/background-sequences.fasta
    jobid: 2
    reason: Missing output files: raw_data/h3n2/ha/background-sequences.fasta
    wildcards: lineage=h3n2, segment=ha
    resources: tmpdir=/var/folders/g_/6938g_6s199gxxswt2nf7w500000gn/T

[Fri Mar 28 17:54:49 2025]
Finished job 1.
1 of 3 steps (33%) done
