Building DAG of jobs...
Using shell: /bin/bash
Provided cores: 8
Rules claiming more threads will be scaled down.
Job stats:
job                          count
-------------------------  -------
all                              1
filter_egg_seqs                  1
parse_egg_seqs                   1
subsample_background_seqs        1
total                            4

Select jobs to execute...

[Sun Mar 30 13:24:42 2025]
rule subsample_background_seqs:
    input: data/h3n2/ha/background_sequences.fasta, data/h3n2/ha/background_metadata.tsv, include_exclude/h3n2/ha/include.txt, include_exclude/h3n2/outliers.txt
    output: data/h3n2/ha/subsampled-background-sequences.fasta
    jobid: 6
    reason: Updated input files: include_exclude/h3n2/ha/include.txt
    wildcards: lineage=h3n2, segment=ha
    resources: tmpdir=/var/folders/g_/6938g_6s199gxxswt2nf7w500000gn/T


[Sun Mar 30 13:24:42 2025]
rule filter_egg_seqs:
    input: raw_data/h3n2/ha/egg-passaged-sequences.fasta
    output: raw_data/h3n2/ha/filtered-egg-passaged-sequences.fasta
    jobid: 2
    reason: Missing output files: raw_data/h3n2/ha/filtered-egg-passaged-sequences.fasta
    wildcards: lineage=h3n2, segment=ha
    resources: tmpdir=/var/folders/g_/6938g_6s199gxxswt2nf7w500000gn/T

[Sun Mar 30 13:24:43 2025]
Finished job 2.
1 of 4 steps (25%) done
Select jobs to execute...

[Sun Mar 30 13:24:43 2025]
rule parse_egg_seqs:
    input: raw_data/h3n2/ha/filtered-egg-passaged-sequences.fasta
    output: data/h3n2/ha/egg_sequences.fasta, data/h3n2/ha/egg_metadata.tsv
    jobid: 1
    reason: Missing output files: data/h3n2/ha/egg_metadata.tsv; Input files updated by another job: raw_data/h3n2/ha/filtered-egg-passaged-sequences.fasta
    wildcards: lineage=h3n2, segment=ha
    resources: tmpdir=/var/folders/g_/6938g_6s199gxxswt2nf7w500000gn/T

[Sun Mar 30 13:24:44 2025]
Finished job 1.
2 of 4 steps (50%) done
[Sun Mar 30 13:25:06 2025]
Finished job 6.
3 of 4 steps (75%) done
Select jobs to execute...

[Sun Mar 30 13:25:06 2025]
localrule all:
    input: data/h3n2/ha/egg_metadata.tsv, data/h3n2/ha/background_metadata.tsv, data/h3n2/ha/subsampled-background-sequences.fasta
    jobid: 0
    reason: Input files updated by another job: data/h3n2/ha/subsampled-background-sequences.fasta, data/h3n2/ha/egg_metadata.tsv
    resources: tmpdir=/var/folders/g_/6938g_6s199gxxswt2nf7w500000gn/T

[Sun Mar 30 13:25:06 2025]
Finished job 0.
4 of 4 steps (100%) done
Complete log: .snakemake/log/2025-03-30T132441.515770.snakemake.log
