Building DAG of jobs...
Using shell: /bin/bash
Provided cores: 8
Rules claiming more threads will be scaled down.
Job stats:
job                          count
-------------------------  -------
all                              1
parse_background_seqs            1
parse_egg_seqs                   1
subsample_background_seqs        1
total                            4

Select jobs to execute...

[Sun Mar 30 13:15:27 2025]
rule parse_egg_seqs:
    input: raw_data/h3n2/ha/filtered-egg-passaged-sequences.fasta
    output: data/h3n2/ha/egg_sequences.fasta, data/h3n2/ha/egg_metadata.tsv
    jobid: 1
    reason: Missing output files: data/h3n2/ha/egg_metadata.tsv; Params have changed since last execution
    wildcards: lineage=h3n2, segment=ha
    resources: tmpdir=/var/folders/g_/6938g_6s199gxxswt2nf7w500000gn/T


[Sun Mar 30 13:15:27 2025]
rule parse_background_seqs:
    input: raw_data/h3n2/ha/raw_background-sequences.fasta
    output: data/h3n2/ha/background_sequences.fasta, data/h3n2/ha/background_metadata.tsv
    jobid: 4
    reason: Missing output files: data/h3n2/ha/background_sequences.fasta, data/h3n2/ha/background_metadata.tsv; Params have changed since last execution
    wildcards: lineage=h3n2, segment=ha
    resources: tmpdir=/var/folders/g_/6938g_6s199gxxswt2nf7w500000gn/T

[Sun Mar 30 13:15:28 2025]
Finished job 1.
1 of 4 steps (25%) done
[Sun Mar 30 13:15:34 2025]
Finished job 4.
2 of 4 steps (50%) done
Select jobs to execute...

[Sun Mar 30 13:15:34 2025]
rule subsample_background_seqs:
    input: data/h3n2/ha/background_sequences.fasta, data/h3n2/ha/background_metadata.tsv, include_exclude/h3n2/ha/include.txt, include_exclude/h3n2/outliers.txt
    output: data/h3n2/ha/subsampled-background-sequences.fasta
    jobid: 6
    reason: Missing output files: data/h3n2/ha/subsampled-background-sequences.fasta; Input files updated by another job: data/h3n2/ha/background_sequences.fasta, data/h3n2/ha/background_metadata.tsv
    wildcards: lineage=h3n2, segment=ha
    resources: tmpdir=/var/folders/g_/6938g_6s199gxxswt2nf7w500000gn/T

[Sun Mar 30 13:15:57 2025]
Finished job 6.
3 of 4 steps (75%) done
Select jobs to execute...

[Sun Mar 30 13:15:57 2025]
localrule all:
    input: data/h3n2/ha/egg_metadata.tsv, data/h3n2/ha/background_metadata.tsv, data/h3n2/ha/subsampled-background-sequences.fasta
    jobid: 0
    reason: Input files updated by another job: data/h3n2/ha/subsampled-background-sequences.fasta, data/h3n2/ha/background_metadata.tsv, data/h3n2/ha/egg_metadata.tsv
    resources: tmpdir=/var/folders/g_/6938g_6s199gxxswt2nf7w500000gn/T

[Sun Mar 30 13:15:57 2025]
Finished job 0.
4 of 4 steps (100%) done
Complete log: .snakemake/log/2025-03-30T131526.322912.snakemake.log
