Building DAG of jobs...
Using shell: /bin/bash
Provided cores: 8
Rules claiming more threads will be scaled down.
Job stats:
job                          count
-------------------------  -------
all                              1
subsample_background_seqs        1
total                            2

Select jobs to execute...

[Sun Mar 30 13:37:10 2025]
rule subsample_background_seqs:
    input: parsed_data/h3n2/ha/background_sequences.fasta, parsed_data/h3n2/ha/background_metadata.tsv, include_exclude/h3n2/ha/include.txt, include_exclude/h3n2/outliers.txt
    output: parsed_data/h3n2/ha/subsampled-background-sequences.fasta
    jobid: 6
    reason: Updated input files: include_exclude/h3n2/ha/include.txt
    wildcards: lineage=h3n2, segment=ha
    resources: tmpdir=/var/folders/g_/6938g_6s199gxxswt2nf7w500000gn/T

[Sun Mar 30 13:37:34 2025]
Finished job 6.
1 of 2 steps (50%) done
Select jobs to execute...

[Sun Mar 30 13:37:34 2025]
localrule all:
    input: parsed_data/h3n2/ha/egg_metadata.tsv, parsed_data/h3n2/ha/background_metadata.tsv, parsed_data/h3n2/ha/subsampled-background-sequences.fasta
    jobid: 0
    reason: Input files updated by another job: parsed_data/h3n2/ha/subsampled-background-sequences.fasta
    resources: tmpdir=/var/folders/g_/6938g_6s199gxxswt2nf7w500000gn/T

[Sun Mar 30 13:37:34 2025]
Finished job 0.
2 of 2 steps (100%) done
Complete log: .snakemake/log/2025-03-30T133710.107834.snakemake.log
