Building DAG of jobs...
Using shell: /Users/katekistler/.nextstrain/runtimes/conda/env/bin/bash
Provided cores: 8
Rules claiming more threads will be scaled down.
Conda environments: ignored
Job stats:
job                  count
-----------------  -------
all                      1
download_egg_seqs        1
total                    2

Select jobs to execute...

[Fri Mar 28 17:26:48 2025]
rule download_egg_seqs:
    output: raw_data/h3n2/ha/egg-passaged-sequences.fasta
    jobid: 1
    reason: Missing output files: raw_data/h3n2/ha/egg-passaged-sequences.fasta
    wildcards: lineage=h3n2, segment=ha
    resources: tmpdir=/var/folders/g_/6938g_6s199gxxswt2nf7w500000gn/T, concurrent_fauna=1


        python3 ../../../fauna/vdb/download.py             --database vdb             --virus flu             --fasta_fields strain virus lineage locus accession collection_date virus_inclusion_date region country division location passage passage_category originating_lab submitting_lab age gender             --resolve_method keep_duplicates             --select passage_category:egg locus: ha lineage: seasonal_h3n2             --path data/seasonal_h3n2/ha             --fstem egg-passaged-sequences
        
